<?xml version="1.0" encoding="UTF-8"?>
<testng-results ignored="0" total="1" passed="1" failed="0" skipped="0">
  <reporter-output>
  </reporter-output>
  <suite started-at="2023-06-07T09:47:34 IST" name="Default suite" finished-at="2023-06-07T09:47:41 IST" duration-ms="6346">
    <groups>
    </groups>
    <test started-at="2023-06-07T09:47:34 IST" name="Default test" finished-at="2023-06-07T09:47:41 IST" duration-ms="6346">
      <class name="RestAssuredBDD.GetRequest">
        <test-method signature="getWeatherDetails()[pri:0, instance:RestAssuredBDD.GetRequest@2fb3536e]" started-at="2023-06-07T09:47:35 IST" name="getWeatherDetails" finished-at="2023-06-07T09:47:41 IST" duration-ms="6265" status="PASS">
          <reporter-output>
          </reporter-output>
        </test-method> <!-- getWeatherDetails -->
      </class> <!-- RestAssuredBDD.GetRequest -->
    </test> <!-- Default test -->
  </suite> <!-- Default suite -->
</testng-results>
